The system is: Linux - 3.4.4-5.fc17.i686 - i686
Compiling the C compiler identification source file "CMakeCCompilerId.c" succeeded.
Compiler: /usr/bin/gcc 
Build flags: 
Id flags: 

The output was:
0


Compilation of the C compiler identification source "CMakeCCompilerId.c" produced "a.out"

The C compiler identification is GNU, found in "/home/alex/spoj/add_chars/CMakeFiles/CompilerIdC/a.out"

Compiling the CXX compiler identification source file "CMakeCXXCompilerId.cpp" succeeded.
Compiler: /usr/bin/c++ 
Build flags: 
Id flags: 

The output was:
0


Compilation of the CXX compiler identification source "CMakeCXXCompilerId.cpp" produced "a.out"

The CXX compiler identification is GNU, found in "/home/alex/spoj/add_chars/CMakeFiles/CompilerIdCXX/a.out"

Determining if the C compiler works passed with the following output:
Change Dir: /home/alex/spoj/add_chars/CMakeFiles/CMakeTmp

Run Build Command:/usr/bin/gmake "cmTryCompileExec2734965567/fast"
/usr/bin/gmake -f CMakeFiles/cmTryCompileExec2734965567.dir/build.make CMakeFiles/cmTryCompileExec2734965567.dir/build
gmake[1]: Entering directory `/home/alex/spoj/add_chars/CMakeFiles/CMakeTmp'
/usr/bin/cmake -E cmake_progress_report /home/alex/spoj/add_chars/CMakeFiles/CMakeTmp/CMakeFiles 1
Building C object CMakeFiles/cmTryCompileExec2734965567.dir/testCCompiler.c.o
/usr/bin/gcc    -o CMakeFiles/cmTryCompileExec2734965567.dir/testCCompiler.c.o   -c /home/alex/spoj/add_chars/CMakeFiles/CMakeTmp/testCCompiler.c
Linking C executable cmTryCompileExec2734965567
/usr/bin/cmake -E cmake_link_script CMakeFiles/cmTryCompileExec2734965567.dir/link.txt --verbose=1
/usr/bin/gcc         CMakeFiles/cmTryCompileExec2734965567.dir/testCCompiler.c.o  -o cmTryCompileExec2734965567 -rdynamic 
gmake[1]: Leaving directory `/home/alex/spoj/add_chars/CMakeFiles/CMakeTmp'


Detecting C compiler ABI info compiled with the following output:
Change Dir: /home/alex/spoj/add_chars/CMakeFiles/CMakeTmp

Run Build Command:/usr/bin/gmake "cmTryCompileExec3347776484/fast"
/usr/bin/gmake -f CMakeFiles/cmTryCompileExec3347776484.dir/build.make CMakeFiles/cmTryCompileExec3347776484.dir/build
gmake[1]: Entering directory `/home/alex/spoj/add_chars/CMakeFiles/CMakeTmp'
/usr/bin/cmake -E cmake_progress_report /home/alex/spoj/add_chars/CMakeFiles/CMakeTmp/CMakeFiles 1
Building C object CMakeFiles/cmTryCompileExec3347776484.dir/CMakeCCompilerABI.c.o
/usr/bin/gcc    -o CMakeFiles/cmTryCompileExec3347776484.dir/CMakeCCompilerABI.c.o   -c /usr/share/cmake/Modules/CMakeCCompilerABI.c
Linking C executable cmTryCompileExec3347776484
/usr/bin/cmake -E cmake_link_script CMakeFiles/cmTryCompileExec3347776484.dir/link.txt --verbose=1
/usr/bin/gcc       -v CMakeFiles/cmTryCompileExec3347776484.dir/CMakeCCompilerABI.c.o  -o cmTryCompileExec3347776484 -rdynamic  
Using built-in specs.
COLLECT_GCC=/usr/bin/gcc
COLLECT_LTO_WRAPPER=/usr/libexec/gcc/i686-redhat-linux/4.7.0/lto-wrapper
Target: i686-redhat-linux
Configured with: ../configure --prefix=/usr --mandir=/usr/share/man --infodir=/usr/share/info --with-bugurl=http://bugzilla.redhat.com/bugzilla --enable-bootstrap --enable-shared --enable-threads=posix --enable-checking=release --disable-build-with-cxx --disable-build-poststage1-with-cxx --with-system-zlib --enable-__cxa_atexit --disable-libunwind-exceptions --enable-gnu-unique-object --enable-linker-build-id --with-linker-hash-style=gnu --enable-languages=c,c++,objc,obj-c++,java,fortran,ada,go,lto --enable-plugin --enable-initfini-array --enable-java-awt=gtk --disable-dssi --with-java-home=/usr/lib/jvm/java-1.5.0-gcj-1.5.0.0/jre --enable-libgcj-multifile --enable-java-maintainer-mode --with-ecj-jar=/usr/share/java/eclipse-ecj.jar --disable-libjava-multilib --with-ppl --with-cloog --with-tune=generic --with-arch=i686 --build=i686-redhat-linux
Thread model: posix
gcc version 4.7.0 20120507 (Red Hat 4.7.0-5) (GCC) 
COMPILER_PATH=/usr/libexec/gcc/i686-redhat-linux/4.7.0/:/usr/libexec/gcc/i686-redhat-linux/4.7.0/:/usr/libexec/gcc/i686-redhat-linux/:/usr/lib/gcc/i686-redhat-linux/4.7.0/:/usr/lib/gcc/i686-redhat-linux/
LIBRARY_PATH=/usr/lib/gcc/i686-redhat-linux/4.7.0/:/usr/lib/gcc/i686-redhat-linux/4.7.0/../../../:/lib/:/usr/lib/
COLLECT_GCC_OPTIONS='-v' '-o' 'cmTryCompileExec3347776484' '-rdynamic' '-mtune=generic' '-march=i686'
 /usr/libexec/gcc/i686-redhat-linux/4.7.0/collect2 --build-id --no-add-needed --eh-frame-hdr --hash-style=gnu -m elf_i386 -export-dynamic -dynamic-linker /lib/ld-linux.so.2 -o cmTryCompileExec3347776484 /usr/lib/gcc/i686-redhat-linux/4.7.0/../../../crt1.o /usr/lib/gcc/i686-redhat-linux/4.7.0/../../../crti.o /usr/lib/gcc/i686-redhat-linux/4.7.0/crtbegin.o -L/usr/lib/gcc/i686-redhat-linux/4.7.0 -L/usr/lib/gcc/i686-redhat-linux/4.7.0/../../.. CMakeFiles/cmTryCompileExec3347776484.dir/CMakeCCompilerABI.c.o -lgcc --as-needed -lgcc_s --no-as-needed -lc -lgcc --as-needed -lgcc_s --no-as-needed /usr/lib/gcc/i686-redhat-linux/4.7.0/crtend.o /usr/lib/gcc/i686-redhat-linux/4.7.0/../../../crtn.o
gmake[1]: Leaving directory `/home/alex/spoj/add_chars/CMakeFiles/CMakeTmp'


Parsed C implicit link information from above output:
  link line regex: [^( *|.*[/\])(ld|ld|collect2)[^/\]*( |$)]
  ignore line: [Change Dir: /home/alex/spoj/add_chars/CMakeFiles/CMakeTmp]
  ignore line: []
  ignore line: [Run Build Command:/usr/bin/gmake "cmTryCompileExec3347776484/fast"]
  ignore line: [/usr/bin/gmake -f CMakeFiles/cmTryCompileExec3347776484.dir/build.make CMakeFiles/cmTryCompileExec3347776484.dir/build]
  ignore line: [gmake[1]: Entering directory `/home/alex/spoj/add_chars/CMakeFiles/CMakeTmp']
  ignore line: [/usr/bin/cmake -E cmake_progress_report /home/alex/spoj/add_chars/CMakeFiles/CMakeTmp/CMakeFiles 1]
  ignore line: [Building C object CMakeFiles/cmTryCompileExec3347776484.dir/CMakeCCompilerABI.c.o]
  ignore line: [/usr/bin/gcc    -o CMakeFiles/cmTryCompileExec3347776484.dir/CMakeCCompilerABI.c.o   -c /usr/share/cmake/Modules/CMakeCCompilerABI.c]
  ignore line: [Linking C executable cmTryCompileExec3347776484]
  ignore line: [/usr/bin/cmake -E cmake_link_script CMakeFiles/cmTryCompileExec3347776484.dir/link.txt --verbose=1]
  ignore line: [/usr/bin/gcc       -v CMakeFiles/cmTryCompileExec3347776484.dir/CMakeCCompilerABI.c.o  -o cmTryCompileExec3347776484 -rdynamic  ]
  ignore line: [Using built-in specs.]
  ignore line: [COLLECT_GCC=/usr/bin/gcc]
  ignore line: [COLLECT_LTO_WRAPPER=/usr/libexec/gcc/i686-redhat-linux/4.7.0/lto-wrapper]
  ignore line: [Target: i686-redhat-linux]
  ignore line: [Configured with: ../configure --prefix=/usr --mandir=/usr/share/man --infodir=/usr/share/info --with-bugurl=http://bugzilla.redhat.com/bugzilla --enable-bootstrap --enable-shared --enable-threads=posix --enable-checking=release --disable-build-with-cxx --disable-build-poststage1-with-cxx --with-system-zlib --enable-__cxa_atexit --disable-libunwind-exceptions --enable-gnu-unique-object --enable-linker-build-id --with-linker-hash-style=gnu --enable-languages=c,c++,objc,obj-c++,java,fortran,ada,go,lto --enable-plugin --enable-initfini-array --enable-java-awt=gtk --disable-dssi --with-java-home=/usr/lib/jvm/java-1.5.0-gcj-1.5.0.0/jre --enable-libgcj-multifile --enable-java-maintainer-mode --with-ecj-jar=/usr/share/java/eclipse-ecj.jar --disable-libjava-multilib --with-ppl --with-cloog --with-tune=generic --with-arch=i686 --build=i686-redhat-linux]
  ignore line: [Thread model: posix]
  ignore line: [gcc version 4.7.0 20120507 (Red Hat 4.7.0-5) (GCC) ]
  ignore line: [COMPILER_PATH=/usr/libexec/gcc/i686-redhat-linux/4.7.0/:/usr/libexec/gcc/i686-redhat-linux/4.7.0/:/usr/libexec/gcc/i686-redhat-linux/:/usr/lib/gcc/i686-redhat-linux/4.7.0/:/usr/lib/gcc/i686-redhat-linux/]
  ignore line: [LIBRARY_PATH=/usr/lib/gcc/i686-redhat-linux/4.7.0/:/usr/lib/gcc/i686-redhat-linux/4.7.0/../../../:/lib/:/usr/lib/]
  ignore line: [COLLECT_GCC_OPTIONS='-v' '-o' 'cmTryCompileExec3347776484' '-rdynamic' '-mtune=generic' '-march=i686']
  link line: [ /usr/libexec/gcc/i686-redhat-linux/4.7.0/collect2 --build-id --no-add-needed --eh-frame-hdr --hash-style=gnu -m elf_i386 -export-dynamic -dynamic-linker /lib/ld-linux.so.2 -o cmTryCompileExec3347776484 /usr/lib/gcc/i686-redhat-linux/4.7.0/../../../crt1.o /usr/lib/gcc/i686-redhat-linux/4.7.0/../../../crti.o /usr/lib/gcc/i686-redhat-linux/4.7.0/crtbegin.o -L/usr/lib/gcc/i686-redhat-linux/4.7.0 -L/usr/lib/gcc/i686-redhat-linux/4.7.0/../../.. CMakeFiles/cmTryCompileExec3347776484.dir/CMakeCCompilerABI.c.o -lgcc --as-needed -lgcc_s --no-as-needed -lc -lgcc --as-needed -lgcc_s --no-as-needed /usr/lib/gcc/i686-redhat-linux/4.7.0/crtend.o /usr/lib/gcc/i686-redhat-linux/4.7.0/../../../crtn.o]
    arg [/usr/libexec/gcc/i686-redhat-linux/4.7.0/collect2] ==> ignore
    arg [--build-id] ==> ignore
    arg [--no-add-needed] ==> ignore
    arg [--eh-frame-hdr] ==> ignore
    arg [--hash-style=gnu] ==> ignore
    arg [-m] ==> ignore
    arg [elf_i386] ==> ignore
    arg [-export-dynamic] ==> ignore
    arg [-dynamic-linker] ==> ignore
    arg [/lib/ld-linux.so.2] ==> ignore
    arg [-o] ==> ignore
    arg [cmTryCompileExec3347776484] ==> ignore
    arg [/usr/lib/gcc/i686-redhat-linux/4.7.0/../../../crt1.o] ==> ignore
    arg [/usr/lib/gcc/i686-redhat-linux/4.7.0/../../../crti.o] ==> ignore
    arg [/usr/lib/gcc/i686-redhat-linux/4.7.0/crtbegin.o] ==> ignore
    arg [-L/usr/lib/gcc/i686-redhat-linux/4.7.0] ==> dir [/usr/lib/gcc/i686-redhat-linux/4.7.0]
    arg [-L/usr/lib/gcc/i686-redhat-linux/4.7.0/../../..] ==> dir [/usr/lib/gcc/i686-redhat-linux/4.7.0/../../..]
    arg [CMakeFiles/cmTryCompileExec3347776484.dir/CMakeCCompilerABI.c.o] ==> ignore
    arg [-lgcc] ==> lib [gcc]
    arg [--as-needed] ==> ignore
    arg [-lgcc_s] ==> lib [gcc_s]
    arg [--no-as-needed] ==> ignore
    arg [-lc] ==> lib [c]
    arg [-lgcc] ==> lib [gcc]
    arg [--as-needed] ==> ignore
    arg [-lgcc_s] ==> lib [gcc_s]
    arg [--no-as-needed] ==> ignore
    arg [/usr/lib/gcc/i686-redhat-linux/4.7.0/crtend.o] ==> ignore
    arg [/usr/lib/gcc/i686-redhat-linux/4.7.0/../../../crtn.o] ==> ignore
  remove lib [gcc]
  remove lib [gcc_s]
  remove lib [gcc]
  remove lib [gcc_s]
  collapse dir [/usr/lib/gcc/i686-redhat-linux/4.7.0] ==> [/usr/lib/gcc/i686-redhat-linux/4.7.0]
  collapse dir [/usr/lib/gcc/i686-redhat-linux/4.7.0/../../..] ==> [/usr/lib]
  implicit libs: [c]
  implicit dirs: [/usr/lib/gcc/i686-redhat-linux/4.7.0;/usr/lib]


Determining if the CXX compiler works passed with the following output:
Change Dir: /home/alex/spoj/add_chars/CMakeFiles/CMakeTmp

Run Build Command:/usr/bin/gmake "cmTryCompileExec134812991/fast"
/usr/bin/gmake -f CMakeFiles/cmTryCompileExec134812991.dir/build.make CMakeFiles/cmTryCompileExec134812991.dir/build
gmake[1]: Entering directory `/home/alex/spoj/add_chars/CMakeFiles/CMakeTmp'
/usr/bin/cmake -E cmake_progress_report /home/alex/spoj/add_chars/CMakeFiles/CMakeTmp/CMakeFiles 1
Building CXX object CMakeFiles/cmTryCompileExec134812991.dir/testCXXCompiler.cxx.o
/usr/bin/c++     -o CMakeFiles/cmTryCompileExec134812991.dir/testCXXCompiler.cxx.o -c /home/alex/spoj/add_chars/CMakeFiles/CMakeTmp/testCXXCompiler.cxx
Linking CXX executable cmTryCompileExec134812991
/usr/bin/cmake -E cmake_link_script CMakeFiles/cmTryCompileExec134812991.dir/link.txt --verbose=1
/usr/bin/c++          CMakeFiles/cmTryCompileExec134812991.dir/testCXXCompiler.cxx.o  -o cmTryCompileExec134812991 -rdynamic 
gmake[1]: Leaving directory `/home/alex/spoj/add_chars/CMakeFiles/CMakeTmp'


Detecting CXX compiler ABI info compiled with the following output:
Change Dir: /home/alex/spoj/add_chars/CMakeFiles/CMakeTmp

Run Build Command:/usr/bin/gmake "cmTryCompileExec1898991348/fast"
/usr/bin/gmake -f CMakeFiles/cmTryCompileExec1898991348.dir/build.make CMakeFiles/cmTryCompileExec1898991348.dir/build
gmake[1]: Entering directory `/home/alex/spoj/add_chars/CMakeFiles/CMakeTmp'
/usr/bin/cmake -E cmake_progress_report /home/alex/spoj/add_chars/CMakeFiles/CMakeTmp/CMakeFiles 1
Building CXX object CMakeFiles/cmTryCompileExec1898991348.dir/CMakeCXXCompilerABI.cpp.o
/usr/bin/c++     -o CMakeFiles/cmTryCompileExec1898991348.dir/CMakeCXXCompilerABI.cpp.o -c /usr/share/cmake/Modules/CMakeCXXCompilerABI.cpp
Linking CXX executable cmTryCompileExec1898991348
/usr/bin/cmake -E cmake_link_script CMakeFiles/cmTryCompileExec1898991348.dir/link.txt --verbose=1
/usr/bin/c++        -v CMakeFiles/cmTryCompileExec1898991348.dir/CMakeCXXCompilerABI.cpp.o  -o cmTryCompileExec1898991348 -rdynamic  
Using built-in specs.
COLLECT_GCC=/usr/bin/c++
COLLECT_LTO_WRAPPER=/usr/libexec/gcc/i686-redhat-linux/4.7.0/lto-wrapper
Target: i686-redhat-linux
Configured with: ../configure --prefix=/usr --mandir=/usr/share/man --infodir=/usr/share/info --with-bugurl=http://bugzilla.redhat.com/bugzilla --enable-bootstrap --enable-shared --enable-threads=posix --enable-checking=release --disable-build-with-cxx --disable-build-poststage1-with-cxx --with-system-zlib --enable-__cxa_atexit --disable-libunwind-exceptions --enable-gnu-unique-object --enable-linker-build-id --with-linker-hash-style=gnu --enable-languages=c,c++,objc,obj-c++,java,fortran,ada,go,lto --enable-plugin --enable-initfini-array --enable-java-awt=gtk --disable-dssi --with-java-home=/usr/lib/jvm/java-1.5.0-gcj-1.5.0.0/jre --enable-libgcj-multifile --enable-java-maintainer-mode --with-ecj-jar=/usr/share/java/eclipse-ecj.jar --disable-libjava-multilib --with-ppl --with-cloog --with-tune=generic --with-arch=i686 --build=i686-redhat-linux
Thread model: posix
gcc version 4.7.0 20120507 (Red Hat 4.7.0-5) (GCC) 
COMPILER_PATH=/usr/libexec/gcc/i686-redhat-linux/4.7.0/:/usr/libexec/gcc/i686-redhat-linux/4.7.0/:/usr/libexec/gcc/i686-redhat-linux/:/usr/lib/gcc/i686-redhat-linux/4.7.0/:/usr/lib/gcc/i686-redhat-linux/
LIBRARY_PATH=/usr/lib/gcc/i686-redhat-linux/4.7.0/:/usr/lib/gcc/i686-redhat-linux/4.7.0/../../../:/lib/:/usr/lib/
COLLECT_GCC_OPTIONS='-v' '-o' 'cmTryCompileExec1898991348' '-rdynamic' '-shared-libgcc' '-mtune=generic' '-march=i686'
 /usr/libexec/gcc/i686-redhat-linux/4.7.0/collect2 --build-id --no-add-needed --eh-frame-hdr --hash-style=gnu -m elf_i386 -export-dynamic -dynamic-linker /lib/ld-linux.so.2 -o cmTryCompileExec1898991348 /usr/lib/gcc/i686-redhat-linux/4.7.0/../../../crt1.o /usr/lib/gcc/i686-redhat-linux/4.7.0/../../../crti.o /usr/lib/gcc/i686-redhat-linux/4.7.0/crtbegin.o -L/usr/lib/gcc/i686-redhat-linux/4.7.0 -L/usr/lib/gcc/i686-redhat-linux/4.7.0/../../.. CMakeFiles/cmTryCompileExec1898991348.dir/CMakeCXXCompilerABI.cpp.o -lstdc++ -lm -lgcc_s -lgcc -lc -lgcc_s -lgcc /usr/lib/gcc/i686-redhat-linux/4.7.0/crtend.o /usr/lib/gcc/i686-redhat-linux/4.7.0/../../../crtn.o
gmake[1]: Leaving directory `/home/alex/spoj/add_chars/CMakeFiles/CMakeTmp'


Parsed CXX implicit link information from above output:
  link line regex: [^( *|.*[/\])(ld|ld|collect2)[^/\]*( |$)]
  ignore line: [Change Dir: /home/alex/spoj/add_chars/CMakeFiles/CMakeTmp]
  ignore line: []
  ignore line: [Run Build Command:/usr/bin/gmake "cmTryCompileExec1898991348/fast"]
  ignore line: [/usr/bin/gmake -f CMakeFiles/cmTryCompileExec1898991348.dir/build.make CMakeFiles/cmTryCompileExec1898991348.dir/build]
  ignore line: [gmake[1]: Entering directory `/home/alex/spoj/add_chars/CMakeFiles/CMakeTmp']
  ignore line: [/usr/bin/cmake -E cmake_progress_report /home/alex/spoj/add_chars/CMakeFiles/CMakeTmp/CMakeFiles 1]
  ignore line: [Building CXX object CMakeFiles/cmTryCompileExec1898991348.dir/CMakeCXXCompilerABI.cpp.o]
  ignore line: [/usr/bin/c++     -o CMakeFiles/cmTryCompileExec1898991348.dir/CMakeCXXCompilerABI.cpp.o -c /usr/share/cmake/Modules/CMakeCXXCompilerABI.cpp]
  ignore line: [Linking CXX executable cmTryCompileExec1898991348]
  ignore line: [/usr/bin/cmake -E cmake_link_script CMakeFiles/cmTryCompileExec1898991348.dir/link.txt --verbose=1]
  ignore line: [/usr/bin/c++        -v CMakeFiles/cmTryCompileExec1898991348.dir/CMakeCXXCompilerABI.cpp.o  -o cmTryCompileExec1898991348 -rdynamic  ]
  ignore line: [Using built-in specs.]
  ignore line: [COLLECT_GCC=/usr/bin/c++]
  ignore line: [COLLECT_LTO_WRAPPER=/usr/libexec/gcc/i686-redhat-linux/4.7.0/lto-wrapper]
  ignore line: [Target: i686-redhat-linux]
  ignore line: [Configured with: ../configure --prefix=/usr --mandir=/usr/share/man --infodir=/usr/share/info --with-bugurl=http://bugzilla.redhat.com/bugzilla --enable-bootstrap --enable-shared --enable-threads=posix --enable-checking=release --disable-build-with-cxx --disable-build-poststage1-with-cxx --with-system-zlib --enable-__cxa_atexit --disable-libunwind-exceptions --enable-gnu-unique-object --enable-linker-build-id --with-linker-hash-style=gnu --enable-languages=c,c++,objc,obj-c++,java,fortran,ada,go,lto --enable-plugin --enable-initfini-array --enable-java-awt=gtk --disable-dssi --with-java-home=/usr/lib/jvm/java-1.5.0-gcj-1.5.0.0/jre --enable-libgcj-multifile --enable-java-maintainer-mode --with-ecj-jar=/usr/share/java/eclipse-ecj.jar --disable-libjava-multilib --with-ppl --with-cloog --with-tune=generic --with-arch=i686 --build=i686-redhat-linux]
  ignore line: [Thread model: posix]
  ignore line: [gcc version 4.7.0 20120507 (Red Hat 4.7.0-5) (GCC) ]
  ignore line: [COMPILER_PATH=/usr/libexec/gcc/i686-redhat-linux/4.7.0/:/usr/libexec/gcc/i686-redhat-linux/4.7.0/:/usr/libexec/gcc/i686-redhat-linux/:/usr/lib/gcc/i686-redhat-linux/4.7.0/:/usr/lib/gcc/i686-redhat-linux/]
  ignore line: [LIBRARY_PATH=/usr/lib/gcc/i686-redhat-linux/4.7.0/:/usr/lib/gcc/i686-redhat-linux/4.7.0/../../../:/lib/:/usr/lib/]
  ignore line: [COLLECT_GCC_OPTIONS='-v' '-o' 'cmTryCompileExec1898991348' '-rdynamic' '-shared-libgcc' '-mtune=generic' '-march=i686']
  link line: [ /usr/libexec/gcc/i686-redhat-linux/4.7.0/collect2 --build-id --no-add-needed --eh-frame-hdr --hash-style=gnu -m elf_i386 -export-dynamic -dynamic-linker /lib/ld-linux.so.2 -o cmTryCompileExec1898991348 /usr/lib/gcc/i686-redhat-linux/4.7.0/../../../crt1.o /usr/lib/gcc/i686-redhat-linux/4.7.0/../../../crti.o /usr/lib/gcc/i686-redhat-linux/4.7.0/crtbegin.o -L/usr/lib/gcc/i686-redhat-linux/4.7.0 -L/usr/lib/gcc/i686-redhat-linux/4.7.0/../../.. CMakeFiles/cmTryCompileExec1898991348.dir/CMakeCXXCompilerABI.cpp.o -lstdc++ -lm -lgcc_s -lgcc -lc -lgcc_s -lgcc /usr/lib/gcc/i686-redhat-linux/4.7.0/crtend.o /usr/lib/gcc/i686-redhat-linux/4.7.0/../../../crtn.o]
    arg [/usr/libexec/gcc/i686-redhat-linux/4.7.0/collect2] ==> ignore
    arg [--build-id] ==> ignore
    arg [--no-add-needed] ==> ignore
    arg [--eh-frame-hdr] ==> ignore
    arg [--hash-style=gnu] ==> ignore
    arg [-m] ==> ignore
    arg [elf_i386] ==> ignore
    arg [-export-dynamic] ==> ignore
    arg [-dynamic-linker] ==> ignore
    arg [/lib/ld-linux.so.2] ==> ignore
    arg [-o] ==> ignore
    arg [cmTryCompileExec1898991348] ==> ignore
    arg [/usr/lib/gcc/i686-redhat-linux/4.7.0/../../../crt1.o] ==> ignore
    arg [/usr/lib/gcc/i686-redhat-linux/4.7.0/../../../crti.o] ==> ignore
    arg [/usr/lib/gcc/i686-redhat-linux/4.7.0/crtbegin.o] ==> ignore
    arg [-L/usr/lib/gcc/i686-redhat-linux/4.7.0] ==> dir [/usr/lib/gcc/i686-redhat-linux/4.7.0]
    arg [-L/usr/lib/gcc/i686-redhat-linux/4.7.0/../../..] ==> dir [/usr/lib/gcc/i686-redhat-linux/4.7.0/../../..]
    arg [CMakeFiles/cmTryCompileExec1898991348.dir/CMakeCXXCompilerABI.cpp.o] ==> ignore
    arg [-lstdc++] ==> lib [stdc++]
    arg [-lm] ==> lib [m]
    arg [-lgcc_s] ==> lib [gcc_s]
    arg [-lgcc] ==> lib [gcc]
    arg [-lc] ==> lib [c]
    arg [-lgcc_s] ==> lib [gcc_s]
    arg [-lgcc] ==> lib [gcc]
    arg [/usr/lib/gcc/i686-redhat-linux/4.7.0/crtend.o] ==> ignore
    arg [/usr/lib/gcc/i686-redhat-linux/4.7.0/../../../crtn.o] ==> ignore
  remove lib [gcc_s]
  remove lib [gcc]
  remove lib [gcc_s]
  remove lib [gcc]
  collapse dir [/usr/lib/gcc/i686-redhat-linux/4.7.0] ==> [/usr/lib/gcc/i686-redhat-linux/4.7.0]
  collapse dir [/usr/lib/gcc/i686-redhat-linux/4.7.0/../../..] ==> [/usr/lib]
  implicit libs: [stdc++;m;c]
  implicit dirs: [/usr/lib/gcc/i686-redhat-linux/4.7.0;/usr/lib]


